<?xml version="1.0" encoding="UTF-8"?>
<!-- Generated by org.testng.reporters.JUnitXMLReporter -->
<testsuite ignored="1" hostname="pavanis-Air" failures="0" tests="1" name="Default test" time="22.374" errors="0" timestamp="2021-09-17T22:00:37 CDT">
  <testcase classname="com.crm.qa.testcases.DealsPageTest" name="verifyDealIdTest" time="5.157"/>
  <testcase classname="com.crm.qa.testcases.DealsPageTest" name="verifyDealsLabelTest" time="0.0">
    <ignored/>
  </testcase> <!-- verifyDealsLabelTest -->
</testsuite> <!-- Default test -->
