<?xml version="1.0" encoding="UTF-8"?>
<!-- Generated by org.testng.reporters.JUnitXMLReporter -->
<testsuite ignored="0" hostname="pavanis-Air" failures="0" tests="9" name="Command line test" time="119.742" errors="0" timestamp="18 Sep 2021 03:04:42 GMT">
  <testcase classname="com.crm.qa.testcases.ContactsPageTest" name="verfiyContactTest" time="0.056"/>
  <testcase classname="com.crm.qa.testcases.HomePageTest" name="validateHomePageTitleTest" time="0.027"/>
  <testcase classname="com.crm.qa.testcases.DealsPageTest" name="verifyDealsLabelTest" time="0.063"/>
  <testcase classname="com.crm.qa.testcases.LoginPageTest" name="LoginPageTitleTest" time="0.133"/>
  <testcase classname="com.crm.qa.testcases.ContactsPageTest" name="selectContactNameTest" time="0.097"/>
  <testcase classname="com.crm.qa.testcases.HomePageTest" name="VerifyusernameTest" time="0.101"/>
  <testcase classname="com.crm.qa.testcases.LoginPageTest" name="LoginTest" time="8.604"/>
  <testcase classname="com.crm.qa.testcases.DealsPageTest" name="verifyDealIdTest" time="2.651"/>
  <testcase classname="com.crm.qa.testcases.HomePageTest" name="ContactsLinkTest" time="0.728"/>
</testsuite> <!-- Command line test -->
