<?xml version="1.0" encoding="UTF-8"?>
<testng-results ignored="0" total="9" passed="9" failed="0" skipped="0">
  <reporter-output>
  </reporter-output>
  <suite started-at="2021-09-18T03:02:43Z" name="Command line suite" finished-at="2021-09-18T03:04:42Z" duration-ms="119742">
    <groups>
    </groups>
    <test started-at="2021-09-18T03:02:43Z" name="Command line test" finished-at="2021-09-18T03:04:42Z" duration-ms="119742">
      <class name="com.crm.qa.testcases.HomePageTest">
        <test-method is-config="true" signature="setup()[pri:0, instance:com.crm.qa.testcases.HomePageTest@ea1a8d5]" started-at="2021-09-17T22:02:59Z" name="setup" finished-at="2021-09-17T22:03:12Z" duration-ms="12997" status="PASS">
          <reporter-output>
          </reporter-output>
        </test-method> <!-- setup -->
        <test-method signature="validateHomePageTitleTest()[pri:1, instance:com.crm.qa.testcases.HomePageTest@ea1a8d5]" started-at="2021-09-17T22:03:12Z" name="validateHomePageTitleTest" finished-at="2021-09-17T22:03:12Z" duration-ms="27" status="PASS">
          <reporter-output>
          </reporter-output>
        </test-method> <!-- validateHomePageTitleTest -->
        <test-method is-config="true" signature="ClosingBrowser()[pri:0, instance:com.crm.qa.testcases.HomePageTest@ea1a8d5]" started-at="2021-09-17T22:03:12Z" name="ClosingBrowser" finished-at="2021-09-17T22:03:12Z" duration-ms="85" status="PASS">
          <reporter-output>
          </reporter-output>
        </test-method> <!-- ClosingBrowser -->
        <test-method is-config="true" signature="setup()[pri:0, instance:com.crm.qa.testcases.HomePageTest@ea1a8d5]" started-at="2021-09-17T22:03:45Z" name="setup" finished-at="2021-09-17T22:03:58Z" duration-ms="12686" status="PASS">
          <reporter-output>
          </reporter-output>
        </test-method> <!-- setup -->
        <test-method signature="VerifyusernameTest()[pri:2, instance:com.crm.qa.testcases.HomePageTest@ea1a8d5]" started-at="2021-09-17T22:03:58Z" name="VerifyusernameTest" finished-at="2021-09-17T22:03:58Z" duration-ms="101" status="PASS">
          <reporter-output>
          </reporter-output>
        </test-method> <!-- VerifyusernameTest -->
        <test-method is-config="true" signature="ClosingBrowser()[pri:0, instance:com.crm.qa.testcases.HomePageTest@ea1a8d5]" started-at="2021-09-17T22:03:58Z" name="ClosingBrowser" finished-at="2021-09-17T22:03:58Z" duration-ms="82" status="PASS">
          <reporter-output>
          </reporter-output>
        </test-method> <!-- ClosingBrowser -->
        <test-method is-config="true" signature="setup()[pri:0, instance:com.crm.qa.testcases.HomePageTest@ea1a8d5]" started-at="2021-09-17T22:04:29Z" name="setup" finished-at="2021-09-17T22:04:42Z" duration-ms="12607" status="PASS">
          <reporter-output>
          </reporter-output>
        </test-method> <!-- setup -->
        <test-method signature="ContactsLinkTest()[pri:3, instance:com.crm.qa.testcases.HomePageTest@ea1a8d5]" started-at="2021-09-17T22:04:42Z" name="ContactsLinkTest" finished-at="2021-09-17T22:04:42Z" duration-ms="728" status="PASS">
          <reporter-output>
          </reporter-output>
        </test-method> <!-- ContactsLinkTest -->
        <test-method is-config="true" signature="ClosingBrowser()[pri:0, instance:com.crm.qa.testcases.HomePageTest@ea1a8d5]" started-at="2021-09-17T22:04:42Z" name="ClosingBrowser" finished-at="2021-09-17T22:04:42Z" duration-ms="83" status="PASS">
          <reporter-output>
          </reporter-output>
        </test-method> <!-- ClosingBrowser -->
      </class> <!-- com.crm.qa.testcases.HomePageTest -->
      <class name="com.crm.qa.testcases.ContactsPageTest">
        <test-method is-config="true" signature="setup()[pri:0, instance:com.crm.qa.testcases.ContactsPageTest@528931cf]" started-at="2021-09-17T22:02:43Z" name="setup" finished-at="2021-09-17T22:02:59Z" duration-ms="16037" status="PASS">
          <reporter-output>
          </reporter-output>
        </test-method> <!-- setup -->
        <test-method signature="verfiyContactTest()[pri:1, instance:com.crm.qa.testcases.ContactsPageTest@528931cf]" started-at="2021-09-17T22:02:59Z" name="verfiyContactTest" finished-at="2021-09-17T22:02:59Z" duration-ms="56" status="PASS">
          <reporter-output>
          </reporter-output>
        </test-method> <!-- verfiyContactTest -->
        <test-method is-config="true" signature="closebrowser()[pri:0, instance:com.crm.qa.testcases.ContactsPageTest@528931cf]" started-at="2021-09-17T22:02:59Z" name="closebrowser" finished-at="2021-09-17T22:02:59Z" duration-ms="109" status="PASS">
          <reporter-output>
          </reporter-output>
        </test-method> <!-- closebrowser -->
        <test-method is-config="true" signature="setup()[pri:0, instance:com.crm.qa.testcases.ContactsPageTest@528931cf]" started-at="2021-09-17T22:03:32Z" name="setup" finished-at="2021-09-17T22:03:45Z" duration-ms="13051" status="PASS">
          <reporter-output>
          </reporter-output>
        </test-method> <!-- setup -->
        <test-method signature="selectContactNameTest()[pri:2, instance:com.crm.qa.testcases.ContactsPageTest@528931cf]" started-at="2021-09-17T22:03:45Z" name="selectContactNameTest" finished-at="2021-09-17T22:03:45Z" duration-ms="97" status="PASS">
          <reporter-output>
          </reporter-output>
        </test-method> <!-- selectContactNameTest -->
        <test-method is-config="true" signature="closebrowser()[pri:0, instance:com.crm.qa.testcases.ContactsPageTest@528931cf]" started-at="2021-09-17T22:03:45Z" name="closebrowser" finished-at="2021-09-17T22:03:45Z" duration-ms="97" status="PASS">
          <reporter-output>
          </reporter-output>
        </test-method> <!-- closebrowser -->
      </class> <!-- com.crm.qa.testcases.ContactsPageTest -->
      <class name="com.crm.qa.testcases.DealsPageTest">
        <test-method is-config="true" signature="setup()[pri:0, instance:com.crm.qa.testcases.DealsPageTest@2bbf4b8b]" started-at="2021-09-17T22:03:12Z" name="setup" finished-at="2021-09-17T22:03:28Z" duration-ms="15608" status="PASS">
          <reporter-output>
          </reporter-output>
        </test-method> <!-- setup -->
        <test-method signature="verifyDealsLabelTest()[pri:1, instance:com.crm.qa.testcases.DealsPageTest@2bbf4b8b]" started-at="2021-09-17T22:03:28Z" name="verifyDealsLabelTest" finished-at="2021-09-17T22:03:28Z" duration-ms="63" status="PASS">
          <reporter-output>
          </reporter-output>
        </test-method> <!-- verifyDealsLabelTest -->
        <test-method is-config="true" signature="closebrowser()[pri:0, instance:com.crm.qa.testcases.DealsPageTest@2bbf4b8b]" started-at="2021-09-17T22:03:28Z" name="closebrowser" finished-at="2021-09-17T22:03:28Z" duration-ms="103" status="PASS">
          <reporter-output>
          </reporter-output>
        </test-method> <!-- closebrowser -->
        <test-method is-config="true" signature="setup()[pri:0, instance:com.crm.qa.testcases.DealsPageTest@2bbf4b8b]" started-at="2021-09-17T22:04:11Z" name="setup" finished-at="2021-09-17T22:04:26Z" duration-ms="15103" status="PASS">
          <reporter-output>
          </reporter-output>
        </test-method> <!-- setup -->
        <test-method signature="verifyDealIdTest()[pri:2, instance:com.crm.qa.testcases.DealsPageTest@2bbf4b8b]" started-at="2021-09-17T22:04:26Z" name="verifyDealIdTest" finished-at="2021-09-17T22:04:29Z" duration-ms="2651" status="PASS">
          <reporter-output>
          </reporter-output>
        </test-method> <!-- verifyDealIdTest -->
        <test-method is-config="true" signature="closebrowser()[pri:0, instance:com.crm.qa.testcases.DealsPageTest@2bbf4b8b]" started-at="2021-09-17T22:04:29Z" name="closebrowser" finished-at="2021-09-17T22:04:29Z" duration-ms="81" status="PASS">
          <reporter-output>
          </reporter-output>
        </test-method> <!-- closebrowser -->
      </class> <!-- com.crm.qa.testcases.DealsPageTest -->
      <class name="com.crm.qa.testcases.LoginPageTest">
        <test-method is-config="true" signature="setup()[pri:0, instance:com.crm.qa.testcases.LoginPageTest@1563da5]" started-at="2021-09-17T22:03:28Z" name="setup" finished-at="2021-09-17T22:03:32Z" duration-ms="4214" status="PASS">
          <reporter-output>
          </reporter-output>
        </test-method> <!-- setup -->
        <test-method signature="LoginPageTitleTest()[pri:1, instance:com.crm.qa.testcases.LoginPageTest@1563da5]" started-at="2021-09-17T22:03:32Z" name="LoginPageTitleTest" finished-at="2021-09-17T22:03:32Z" duration-ms="133" status="PASS">
          <reporter-output>
          </reporter-output>
        </test-method> <!-- LoginPageTitleTest -->
        <test-method is-config="true" signature="ClosingBrowser()[pri:0, instance:com.crm.qa.testcases.LoginPageTest@1563da5]" started-at="2021-09-17T22:03:32Z" name="ClosingBrowser" finished-at="2021-09-17T22:03:32Z" duration-ms="77" status="PASS">
          <reporter-output>
          </reporter-output>
        </test-method> <!-- ClosingBrowser -->
        <test-method is-config="true" signature="setup()[pri:0, instance:com.crm.qa.testcases.LoginPageTest@1563da5]" started-at="2021-09-17T22:03:58Z" name="setup" finished-at="2021-09-17T22:04:02Z" duration-ms="4153" status="PASS">
          <reporter-output>
          </reporter-output>
        </test-method> <!-- setup -->
        <test-method signature="LoginTest()[pri:2, instance:com.crm.qa.testcases.LoginPageTest@1563da5]" started-at="2021-09-17T22:04:02Z" name="LoginTest" finished-at="2021-09-17T22:04:11Z" duration-ms="8604" status="PASS">
          <reporter-output>
          </reporter-output>
        </test-method> <!-- LoginTest -->
        <test-method is-config="true" signature="ClosingBrowser()[pri:0, instance:com.crm.qa.testcases.LoginPageTest@1563da5]" started-at="2021-09-17T22:04:11Z" name="ClosingBrowser" finished-at="2021-09-17T22:04:11Z" duration-ms="82" status="PASS">
          <reporter-output>
          </reporter-output>
        </test-method> <!-- ClosingBrowser -->
      </class> <!-- com.crm.qa.testcases.LoginPageTest -->
    </test> <!-- Command line test -->
  </suite> <!-- Command line suite -->
</testng-results>
